{"C:\\Users\\pc\\Documents\\waves\\smasage\\agent\\strategyParser.ts": {"path":"C:\\Users\\pc\\Documents\\waves\\smasage\\agent\\strategyParser.ts","statementMap":{"0":{"start":{"line":16,"column":0},"end":{"line":16,"column":16}},"1":{"start":{"line":55,"column":0},"end":{"line":55,"column":16}},"2":{"start":{"line":18,"column":34},"end":{"line":18,"column":73}},"3":{"start":{"line":19,"column":2},"end":{"line":21,"column":3}},"4":{"start":{"line":20,"column":4},"end":{"line":20,"column":34}},"5":{"start":{"line":24,"column":14},"end":{"line":24,"column":44}},"6":{"start":{"line":25,"column":17},"end":{"line":25,"column":50}},"7":{"start":{"line":26,"column":13},"end":{"line":26,"column":42}},"8":{"start":{"line":27,"column":2},"end":{"line":27,"column":43}},"9":{"start":{"line":27,"column":33},"end":{"line":27,"column":43}},"10":{"start":{"line":28,"column":2},"end":{"line":28,"column":52}},"11":{"start":{"line":28,"column":39},"end":{"line":28,"column":52}},"12":{"start":{"line":29,"column":2},"end":{"line":29,"column":40}},"13":{"start":{"line":29,"column":31},"end":{"line":29,"column":40}},"14":{"start":{"line":32,"column":16},"end":{"line":32,"column":39}},"15":{"start":{"line":33,"column":2},"end":{"line":42,"column":3}},"16":{"start":{"line":35,"column":4},"end":{"line":35,"column":16}},"17":{"start":{"line":36,"column":4},"end":{"line":36,"column":17}},"18":{"start":{"line":37,"column":4},"end":{"line":37,"column":13}},"19":{"start":{"line":38,"column":9},"end":{"line":42,"column":3}},"20":{"start":{"line":39,"column":4},"end":{"line":39,"column":46}},"21":{"start":{"line":40,"column":4},"end":{"line":40,"column":52}},"22":{"start":{"line":41,"column":4},"end":{"line":41,"column":34}},"23":{"start":{"line":44,"column":2},"end":{"line":49,"column":4}},"24":{"start":{"line":56,"column":2},"end":{"line":64,"column":3}},"25":{"start":{"line":63,"column":4},"end":{"line":63,"column":17}},"26":{"start":{"line":65,"column":14},"end":{"line":65,"column":94}},"27":{"start":{"line":66,"column":2},"end":{"line":66,"column":21}}},"fnMap":{"0":{"name":"parseStrategyIntent","decl":{"start":{"line":16,"column":16},"end":{"line":16,"column":35}},"loc":{"start":{"line":16,"column":46},"end":{"line":50,"column":1}}},"1":{"name":"validateStrategyPayload","decl":{"start":{"line":55,"column":16},"end":{"line":55,"column":39}},"loc":{"start":{"line":55,"column":52},"end":{"line":67,"column":1}}}},"branchMap":{"0":{"loc":{"start":{"line":19,"column":2},"end":{"line":21,"column":3}},"type":"if","locations":[{"start":{"line":19,"column":2},"end":{"line":21,"column":3}},{"start":{},"end":{}}]},"1":{"loc":{"start":{"line":19,"column":6},"end":{"line":19,"column":71}},"type":"binary-expr","locations":[{"start":{"line":19,"column":6},"end":{"line":19,"column":38}},{"start":{"line":19,"column":42},"end":{"line":19,"column":71}}]},"2":{"loc":{"start":{"line":27,"column":2},"end":{"line":27,"column":43}},"type":"if","locations":[{"start":{"line":27,"column":2},"end":{"line":27,"column":43}},{"start":{},"end":{}}]},"3":{"loc":{"start":{"line":27,"column":6},"end":{"line":27,"column":31}},"type":"binary-expr","locations":[{"start":{"line":27,"column":6},"end":{"line":27,"column":18}},{"start":{"line":27,"column":22},"end":{"line":27,"column":31}}]},"4":{"loc":{"start":{"line":28,"column":2},"end":{"line":28,"column":52}},"type":"if","locations":[{"start":{"line":28,"column":2},"end":{"line":28,"column":52}},{"start":{},"end":{}}]},"5":{"loc":{"start":{"line":28,"column":6},"end":{"line":28,"column":37}},"type":"binary-expr","locations":[{"start":{"line":28,"column":6},"end":{"line":28,"column":21}},{"start":{"line":28,"column":25},"end":{"line":28,"column":37}}]},"6":{"loc":{"start":{"line":29,"column":2},"end":{"line":29,"column":40}},"type":"if","locations":[{"start":{"line":29,"column":2},"end":{"line":29,"column":40}},{"start":{},"end":{}}]},"7":{"loc":{"start":{"line":29,"column":6},"end":{"line":29,"column":29}},"type":"binary-expr","locations":[{"start":{"line":29,"column":6},"end":{"line":29,"column":17}},{"start":{"line":29,"column":21},"end":{"line":29,"column":29}}]},"8":{"loc":{"start":{"line":33,"column":2},"end":{"line":42,"column":3}},"type":"if","locations":[{"start":{"line":33,"column":2},"end":{"line":42,"column":3}},{"start":{"line":38,"column":9},"end":{"line":42,"column":3}}]},"9":{"loc":{"start":{"line":38,"column":9},"end":{"line":42,"column":3}},"type":"if","locations":[{"start":{"line":38,"column":9},"end":{"line":42,"column":3}},{"start":{},"end":{}}]},"10":{"loc":{"start":{"line":56,"column":2},"end":{"line":64,"column":3}},"type":"if","locations":[{"start":{"line":56,"column":2},"end":{"line":64,"column":3}},{"start":{},"end":{}}]},"11":{"loc":{"start":{"line":57,"column":4},"end":{"line":61,"column":47}},"type":"binary-expr","locations":[{"start":{"line":57,"column":4},"end":{"line":57,"column":31}},{"start":{"line":58,"column":4},"end":{"line":58,"column":57}},{"start":{"line":59,"column":4},"end":{"line":59,"column":48}},{"start":{"line":60,"column":4},"end":{"line":60,"column":51}},{"start":{"line":61,"column":4},"end":{"line":61,"column":47}}]}},"s":{"0":1,"1":1,"2":3,"3":3,"4":1,"5":3,"6":3,"7":3,"8":3,"9":0,"10":3,"11":1,"12":3,"13":1,"14":3,"15":3,"16":1,"17":1,"18":1,"19":2,"20":1,"21":1,"22":1,"23":3,"24":4,"25":1,"26":3,"27":3},"f":{"0":3,"1":4},"b":{"0":[1,2],"1":[3,2],"2":[0,3],"3":[3,3],"4":[1,2],"5":[3,2],"6":[1,2],"7":[3,3],"8":[1,2],"9":[1,1],"10":[1,3],"11":[4,4,3,3,3]}}
,"C:\\Users\\pc\\Documents\\waves\\smasage\\frontend\\src\\utils\\allocationParser.ts": {"path":"C:\\Users\\pc\\Documents\\waves\\smasage\\frontend\\src\\utils\\allocationParser.ts","statementMap":{"0":{"start":{"line":20,"column":0},"end":{"line":20,"column":16}},"1":{"start":{"line":87,"column":0},"end":{"line":87,"column":16}},"2":{"start":{"line":9,"column":26},"end":{"line":15,"column":2}},"3":{"start":{"line":23,"column":41},"end":{"line":23,"column":43}},"4":{"start":{"line":26,"column":25},"end":{"line":26,"column":111}},"5":{"start":{"line":29,"column":24},"end":{"line":29,"column":25}},"6":{"start":{"line":31,"column":2},"end":{"line":52,"column":3}},"7":{"start":{"line":32,"column":23},"end":{"line":32,"column":43}},"8":{"start":{"line":33,"column":20},"end":{"line":37,"column":13}},"9":{"start":{"line":40,"column":4},"end":{"line":40,"column":39}},"10":{"start":{"line":40,"column":30},"end":{"line":40,"column":39}},"11":{"start":{"line":43,"column":18},"end":{"line":43,"column":45}},"12":{"start":{"line":45,"column":4},"end":{"line":49,"column":7}},"13":{"start":{"line":51,"column":4},"end":{"line":51,"column":34}},"14":{"start":{"line":55,"column":2},"end":{"line":62,"column":3}},"15":{"start":{"line":57,"column":18},"end":{"line":57,"column":39}},"16":{"start":{"line":58,"column":4},"end":{"line":61,"column":8}},"17":{"start":{"line":58,"column":34},"end":{"line":60,"column":null}},"18":{"start":{"line":64,"column":2},"end":{"line":64,"column":14}},"19":{"start":{"line":71,"column":16},"end":{"line":71,"column":39}},"20":{"start":{"line":73,"column":2},"end":{"line":73,"column":62}},"21":{"start":{"line":73,"column":31},"end":{"line":73,"column":62}},"22":{"start":{"line":74,"column":2},"end":{"line":74,"column":92}},"23":{"start":{"line":74,"column":58},"end":{"line":74,"column":92}},"24":{"start":{"line":75,"column":2},"end":{"line":75,"column":86}},"25":{"start":{"line":75,"column":56},"end":{"line":75,"column":86}},"26":{"start":{"line":76,"column":2},"end":{"line":76,"column":60}},"27":{"start":{"line":76,"column":30},"end":{"line":76,"column":60}},"28":{"start":{"line":77,"column":2},"end":{"line":77,"column":58}},"29":{"start":{"line":77,"column":29},"end":{"line":77,"column":58}},"30":{"start":{"line":80,"column":17},"end":{"line":80,"column":49}},"31":{"start":{"line":81,"column":2},"end":{"line":81,"column":59}},"32":{"start":{"line":88,"column":2},"end":{"line":104,"column":4}}},"fnMap":{"0":{"name":"parseAllocationsFromMessage","decl":{"start":{"line":20,"column":16},"end":{"line":20,"column":43}},"loc":{"start":{"line":21,"column":17},"end":{"line":65,"column":1}}},"1":{"name":"(anonymous_1)","decl":{"start":{"line":58,"column":27},"end":{"line":58,"column":28}},"loc":{"start":{"line":58,"column":34},"end":{"line":60,"column":null}}},"2":{"name":"getColorForAsset","decl":{"start":{"line":70,"column":9},"end":{"line":70,"column":25}},"loc":{"start":{"line":70,"column":43},"end":{"line":82,"column":1}}},"3":{"name":"getDefaultAllocations","decl":{"start":{"line":87,"column":16},"end":{"line":87,"column":37}},"loc":{"start":{"line":87,"column":37},"end":{"line":105,"column":1}}}},"branchMap":{"0":{"loc":{"start":{"line":40,"column":4},"end":{"line":40,"column":39}},"type":"if","locations":[{"start":{"line":40,"column":4},"end":{"line":40,"column":39}},{"start":{},"end":{}}]},"1":{"loc":{"start":{"line":55,"column":2},"end":{"line":62,"column":3}},"type":"if","locations":[{"start":{"line":55,"column":2},"end":{"line":62,"column":3}},{"start":{},"end":{}}]},"2":{"loc":{"start":{"line":55,"column":6},"end":{"line":55,"column":79}},"type":"binary-expr","locations":[{"start":{"line":55,"column":6},"end":{"line":55,"column":28}},{"start":{"line":55,"column":32},"end":{"line":55,"column":53}},{"start":{"line":55,"column":57},"end":{"line":55,"column":79}}]},"3":{"loc":{"start":{"line":73,"column":2},"end":{"line":73,"column":62}},"type":"if","locations":[{"start":{"line":73,"column":2},"end":{"line":73,"column":62}},{"start":{},"end":{}}]},"4":{"loc":{"start":{"line":74,"column":2},"end":{"line":74,"column":92}},"type":"if","locations":[{"start":{"line":74,"column":2},"end":{"line":74,"column":92}},{"start":{},"end":{}}]},"5":{"loc":{"start":{"line":74,"column":6},"end":{"line":74,"column":56}},"type":"binary-expr","locations":[{"start":{"line":74,"column":6},"end":{"line":74,"column":32}},{"start":{"line":74,"column":36},"end":{"line":74,"column":56}}]},"6":{"loc":{"start":{"line":75,"column":2},"end":{"line":75,"column":86}},"type":"if","locations":[{"start":{"line":75,"column":2},"end":{"line":75,"column":86}},{"start":{},"end":{}}]},"7":{"loc":{"start":{"line":75,"column":6},"end":{"line":75,"column":54}},"type":"binary-expr","locations":[{"start":{"line":75,"column":6},"end":{"line":75,"column":28}},{"start":{"line":75,"column":32},"end":{"line":75,"column":54}}]},"8":{"loc":{"start":{"line":76,"column":2},"end":{"line":76,"column":60}},"type":"if","locations":[{"start":{"line":76,"column":2},"end":{"line":76,"column":60}},{"start":{},"end":{}}]},"9":{"loc":{"start":{"line":77,"column":2},"end":{"line":77,"column":58}},"type":"if","locations":[{"start":{"line":77,"column":2},"end":{"line":77,"column":58}},{"start":{},"end":{}}]}},"s":{"0":1,"1":1,"2":1,"3":6,"4":6,"5":6,"6":6,"7":11,"8":11,"9":11,"10":2,"11":9,"12":9,"13":9,"14":6,"15":3,"16":3,"17":7,"18":3,"19":9,"20":9,"21":4,"22":5,"23":4,"24":1,"25":1,"26":0,"27":0,"28":0,"29":0,"30":0,"31":0,"32":1},"f":{"0":6,"1":7,"2":9,"3":1},"b":{"0":[2,9],"1":[3,3],"2":[6,4,3],"3":[4,5],"4":[4,1],"5":[5,1],"6":[1,0],"7":[1,0],"8":[0,0],"9":[0,0]}}
,"C:\\Users\\pc\\Documents\\waves\\smasage\\frontend\\src\\utils\\chartUtils.ts": {"path":"C:\\Users\\pc\\Documents\\waves\\smasage\\frontend\\src\\utils\\chartUtils.ts","statementMap":{"0":{"start":{"line":31,"column":0},"end":{"line":31,"column":16}},"1":{"start":{"line":38,"column":0},"end":{"line":38,"column":16}},"2":{"start":{"line":53,"column":0},"end":{"line":53,"column":16}},"3":{"start":{"line":76,"column":0},"end":{"line":76,"column":16}},"4":{"start":{"line":118,"column":0},"end":{"line":118,"column":16}},"5":{"start":{"line":139,"column":0},"end":{"line":139,"column":16}},"6":{"start":{"line":157,"column":0},"end":{"line":157,"column":16}},"7":{"start":{"line":165,"column":0},"end":{"line":165,"column":16}},"8":{"start":{"line":32,"column":2},"end":{"line":32,"column":41}},"9":{"start":{"line":44,"column":2},"end":{"line":47,"column":4}},"10":{"start":{"line":60,"column":21},"end":{"line":60,"column":65}},"11":{"start":{"line":61,"column":19},"end":{"line":61,"column":61}},"12":{"start":{"line":63,"column":19},"end":{"line":63,"column":58}},"13":{"start":{"line":65,"column":2},"end":{"line":70,"column":14}},"14":{"start":{"line":82,"column":29},"end":{"line":82,"column":31}},"15":{"start":{"line":83,"column":21},"end":{"line":83,"column":22}},"16":{"start":{"line":85,"column":2},"end":{"line":110,"column":3}},"17":{"start":{"line":86,"column":23},"end":{"line":86,"column":62}},"18":{"start":{"line":87,"column":21},"end":{"line":87,"column":46}},"19":{"start":{"line":89,"column":23},"end":{"line":89,"column":69}},"20":{"start":{"line":90,"column":21},"end":{"line":90,"column":63}},"21":{"start":{"line":91,"column":21},"end":{"line":91,"column":41}},"22":{"start":{"line":93,"column":4},"end":{"line":107,"column":7}},"23":{"start":{"line":109,"column":4},"end":{"line":109,"column":28}},"24":{"start":{"line":112,"column":2},"end":{"line":112,"column":16}},"25":{"start":{"line":126,"column":19},"end":{"line":126,"column":46}},"26":{"start":{"line":127,"column":22},"end":{"line":127,"column":38}},"27":{"start":{"line":129,"column":2},"end":{"line":133,"column":4}},"28":{"start":{"line":141,"column":2},"end":{"line":143,"column":3}},"29":{"start":{"line":142,"column":4},"end":{"line":142,"column":37}},"30":{"start":{"line":146,"column":2},"end":{"line":148,"column":3}},"31":{"start":{"line":147,"column":4},"end":{"line":147,"column":68}},"32":{"start":{"line":151,"column":2},"end":{"line":151,"column":12}},"33":{"start":{"line":158,"column":16},"end":{"line":158,"column":69}},"34":{"start":{"line":158,"column":47},"end":{"line":158,"column":65}},"35":{"start":{"line":159,"column":2},"end":{"line":159,"column":38}},"36":{"start":{"line":168,"column":16},"end":{"line":168,"column":69}},"37":{"start":{"line":168,"column":47},"end":{"line":168,"column":65}},"38":{"start":{"line":169,"column":2},"end":{"line":169,"column":55}},"39":{"start":{"line":169,"column":36},"end":{"line":169,"column":55}},"40":{"start":{"line":171,"column":16},"end":{"line":171,"column":27}},"41":{"start":{"line":172,"column":2},"end":{"line":175,"column":6}},"42":{"start":{"line":172,"column":30},"end":{"line":174,"column":null}}},"fnMap":{"0":{"name":"percentToRadians","decl":{"start":{"line":31,"column":16},"end":{"line":31,"column":32}},"loc":{"start":{"line":31,"column":48},"end":{"line":33,"column":1}}},"1":{"name":"getPointOnCircle","decl":{"start":{"line":38,"column":16},"end":{"line":38,"column":32}},"loc":{"start":{"line":42,"column":15},"end":{"line":48,"column":1}}},"2":{"name":"generatePiePath","decl":{"start":{"line":53,"column":16},"end":{"line":53,"column":31}},"loc":{"start":{"line":58,"column":18},"end":{"line":71,"column":1}}},"3":{"name":"calculatePieSlices","decl":{"start":{"line":76,"column":16},"end":{"line":76,"column":34}},"loc":{"start":{"line":80,"column":16},"end":{"line":113,"column":1}}},"4":{"name":"calculateLabelPosition","decl":{"start":{"line":118,"column":16},"end":{"line":118,"column":38}},"loc":{"start":{"line":124,"column":21},"end":{"line":134,"column":1}}},"5":{"name":"parseAllocations","decl":{"start":{"line":139,"column":16},"end":{"line":139,"column":32}},"loc":{"start":{"line":139,"column":46},"end":{"line":152,"column":1}}},"6":{"name":"validateAllocations","decl":{"start":{"line":157,"column":16},"end":{"line":157,"column":35}},"loc":{"start":{"line":157,"column":66},"end":{"line":160,"column":1}}},"7":{"name":"(anonymous_7)","decl":{"start":{"line":158,"column":35},"end":{"line":158,"column":36}},"loc":{"start":{"line":158,"column":47},"end":{"line":158,"column":65}}},"8":{"name":"normalizeAllocations","decl":{"start":{"line":165,"column":16},"end":{"line":165,"column":36}},"loc":{"start":{"line":166,"column":32},"end":{"line":176,"column":1}}},"9":{"name":"(anonymous_9)","decl":{"start":{"line":168,"column":35},"end":{"line":168,"column":36}},"loc":{"start":{"line":168,"column":47},"end":{"line":168,"column":65}}},"10":{"name":"(anonymous_10)","decl":{"start":{"line":172,"column":25},"end":{"line":172,"column":26}},"loc":{"start":{"line":172,"column":30},"end":{"line":174,"column":null}}}},"branchMap":{"0":{"loc":{"start":{"line":63,"column":19},"end":{"line":63,"column":58}},"type":"cond-expr","locations":[{"start":{"line":63,"column":53},"end":{"line":63,"column":54}},{"start":{"line":63,"column":57},"end":{"line":63,"column":58}}]},"1":{"loc":{"start":{"line":141,"column":2},"end":{"line":143,"column":3}},"type":"if","locations":[{"start":{"line":141,"column":2},"end":{"line":143,"column":3}},{"start":{},"end":{}}]},"2":{"loc":{"start":{"line":146,"column":2},"end":{"line":148,"column":3}},"type":"if","locations":[{"start":{"line":146,"column":2},"end":{"line":148,"column":3}},{"start":{},"end":{}}]},"3":{"loc":{"start":{"line":146,"column":6},"end":{"line":146,"column":72}},"type":"binary-expr","locations":[{"start":{"line":146,"column":6},"end":{"line":146,"column":30}},{"start":{"line":146,"column":34},"end":{"line":146,"column":47}},{"start":{"line":146,"column":51},"end":{"line":146,"column":72}}]},"4":{"loc":{"start":{"line":169,"column":2},"end":{"line":169,"column":55}},"type":"if","locations":[{"start":{"line":169,"column":2},"end":{"line":169,"column":55}},{"start":{},"end":{}}]}},"s":{"0":1,"1":1,"2":1,"3":1,"4":1,"5":1,"6":1,"7":1,"8":3,"9":8,"10":3,"11":3,"12":3,"13":3,"14":0,"15":0,"16":0,"17":0,"18":0,"19":0,"20":0,"21":0,"22":0,"23":0,"24":0,"25":0,"26":0,"27":0,"28":0,"29":0,"30":0,"31":0,"32":0,"33":3,"34":6,"35":3,"36":2,"37":4,"38":2,"39":1,"40":1,"41":1,"42":3},"f":{"0":3,"1":8,"2":3,"3":0,"4":0,"5":0,"6":3,"7":6,"8":2,"9":4,"10":3},"b":{"0":[1,2],"1":[0,0],"2":[0,0],"3":[0,0,0],"4":[1,1]}}
,"C:\\Users\\pc\\Documents\\waves\\smasage\\frontend\\src\\utils\\goalProjection.ts": {"path":"C:\\Users\\pc\\Documents\\waves\\smasage\\frontend\\src\\utils\\goalProjection.ts","statementMap":{"0":{"start":{"line":26,"column":0},"end":{"line":26,"column":16}},"1":{"start":{"line":49,"column":0},"end":{"line":49,"column":16}},"2":{"start":{"line":65,"column":0},"end":{"line":65,"column":16}},"3":{"start":{"line":106,"column":0},"end":{"line":106,"column":16}},"4":{"start":{"line":116,"column":0},"end":{"line":116,"column":16}},"5":{"start":{"line":32,"column":12},"end":{"line":32,"column":14}},"6":{"start":{"line":33,"column":12},"end":{"line":33,"column":21}},"7":{"start":{"line":35,"column":25},"end":{"line":35,"column":69}},"8":{"start":{"line":37,"column":27},"end":{"line":37,"column":28}},"9":{"start":{"line":38,"column":2},"end":{"line":41,"column":3}},"10":{"start":{"line":39,"column":4},"end":{"line":40,"column":55}},"11":{"start":{"line":43,"column":2},"end":{"line":43,"column":45}},"12":{"start":{"line":50,"column":17},"end":{"line":50,"column":40}},"13":{"start":{"line":51,"column":14},"end":{"line":51,"column":24}},"14":{"start":{"line":53,"column":2},"end":{"line":53,"column":40}},"15":{"start":{"line":53,"column":31},"end":{"line":53,"column":40}},"16":{"start":{"line":55,"column":17},"end":{"line":55,"column":103}},"17":{"start":{"line":59,"column":2},"end":{"line":59,"column":29}},"18":{"start":{"line":66,"column":26},"end":{"line":66,"column":57}},"19":{"start":{"line":67,"column":16},"end":{"line":67,"column":36}},"20":{"start":{"line":69,"column":25},"end":{"line":73,"column":null}},"21":{"start":{"line":76,"column":20},"end":{"line":76,"column":24}},"22":{"start":{"line":79,"column":2},"end":{"line":85,"column":3}},"23":{"start":{"line":80,"column":4},"end":{"line":80,"column":21}},"24":{"start":{"line":81,"column":9},"end":{"line":85,"column":3}},"25":{"start":{"line":82,"column":4},"end":{"line":82,"column":24}},"26":{"start":{"line":84,"column":4},"end":{"line":84,"column":30}},"27":{"start":{"line":87,"column":21},"end":{"line":87,"column":55}},"28":{"start":{"line":88,"column":20},"end":{"line":88,"column":61}},"29":{"start":{"line":89,"column":18},"end":{"line":89,"column":49}},"30":{"start":{"line":91,"column":29},"end":{"line":91,"column":76}},"31":{"start":{"line":93,"column":2},"end":{"line":100,"column":4}},"32":{"start":{"line":107,"column":2},"end":{"line":110,"column":20}},"33":{"start":{"line":117,"column":2},"end":{"line":126,"column":3}},"34":{"start":{"line":119,"column":6},"end":{"line":119,"column":23}},"35":{"start":{"line":121,"column":6},"end":{"line":121,"column":23}},"36":{"start":{"line":123,"column":6},"end":{"line":123,"column":23}},"37":{"start":{"line":125,"column":6},"end":{"line":125,"column":23}}},"fnMap":{"0":{"name":"calculateProjection","decl":{"start":{"line":26,"column":16},"end":{"line":26,"column":35}},"loc":{"start":{"line":30,"column":33},"end":{"line":44,"column":1}}},"1":{"name":"getMonthsUntil","decl":{"start":{"line":49,"column":16},"end":{"line":49,"column":30}},"loc":{"start":{"line":49,"column":52},"end":{"line":60,"column":1}}},"2":{"name":"evaluateGoalStatus","decl":{"start":{"line":65,"column":16},"end":{"line":65,"column":34}},"loc":{"start":{"line":65,"column":49},"end":{"line":101,"column":1}}},"3":{"name":"formatCurrency","decl":{"start":{"line":106,"column":16},"end":{"line":106,"column":30}},"loc":{"start":{"line":106,"column":45},"end":{"line":111,"column":1}}},"4":{"name":"getStatusColor","decl":{"start":{"line":116,"column":16},"end":{"line":116,"column":30}},"loc":{"start":{"line":116,"column":45},"end":{"line":127,"column":1}}}},"branchMap":{"0":{"loc":{"start":{"line":30,"column":2},"end":{"line":30,"column":33}},"type":"default-arg","locations":[{"start":{"line":30,"column":32},"end":{"line":30,"column":33}}]},"1":{"loc":{"start":{"line":38,"column":2},"end":{"line":41,"column":3}},"type":"if","locations":[{"start":{"line":38,"column":2},"end":{"line":41,"column":3}},{"start":{},"end":{}}]},"2":{"loc":{"start":{"line":53,"column":2},"end":{"line":53,"column":40}},"type":"if","locations":[{"start":{"line":53,"column":2},"end":{"line":53,"column":40}},{"start":{},"end":{}}]},"3":{"loc":{"start":{"line":79,"column":2},"end":{"line":85,"column":3}},"type":"if","locations":[{"start":{"line":79,"column":2},"end":{"line":85,"column":3}},{"start":{"line":81,"column":9},"end":{"line":85,"column":3}}]},"4":{"loc":{"start":{"line":81,"column":9},"end":{"line":85,"column":3}},"type":"if","locations":[{"start":{"line":81,"column":9},"end":{"line":85,"column":3}},{"start":{"line":83,"column":9},"end":{"line":85,"column":3}}]},"5":{"loc":{"start":{"line":88,"column":20},"end":{"line":88,"column":61}},"type":"cond-expr","locations":[{"start":{"line":88,"column":37},"end":{"line":88,"column":57}},{"start":{"line":88,"column":60},"end":{"line":88,"column":61}}]},"6":{"loc":{"start":{"line":89,"column":18},"end":{"line":89,"column":49}},"type":"cond-expr","locations":[{"start":{"line":89,"column":35},"end":{"line":89,"column":45}},{"start":{"line":89,"column":48},"end":{"line":89,"column":49}}]},"7":{"loc":{"start":{"line":117,"column":2},"end":{"line":126,"column":3}},"type":"switch","locations":[{"start":{"line":118,"column":4},"end":{"line":119,"column":23}},{"start":{"line":120,"column":4},"end":{"line":121,"column":23}},{"start":{"line":122,"column":4},"end":{"line":123,"column":23}},{"start":{"line":124,"column":4},"end":{"line":125,"column":23}}]}},"s":{"0":1,"1":1,"2":1,"3":1,"4":1,"5":5,"6":5,"7":5,"8":5,"9":5,"10":4,"11":5,"12":5,"13":5,"14":5,"15":0,"16":5,"17":5,"18":3,"19":3,"20":3,"21":3,"22":3,"23":1,"24":2,"25":0,"26":2,"27":3,"28":3,"29":3,"30":3,"31":3,"32":1,"33":4,"34":1,"35":1,"36":1,"37":1},"f":{"0":5,"1":5,"2":3,"3":1,"4":4},"b":{"0":[0],"1":[4,1],"2":[0,5],"3":[1,2],"4":[0,2],"5":[2,1],"6":[1,2],"7":[1,1,1,1]}}
}
