TN:
SF:agent\strategyParser.ts
FN:16,parseStrategyIntent
FN:55,validateStrategyPayload
FNF:2
FNH:2
FNDA:3,parseStrategyIntent
FNDA:4,validateStrategyPayload
DA:16,1
DA:18,3
DA:19,3
DA:20,1
DA:24,3
DA:25,3
DA:26,3
DA:27,3
DA:28,3
DA:29,3
DA:32,3
DA:33,3
DA:35,1
DA:36,1
DA:37,1
DA:38,2
DA:39,1
DA:40,1
DA:41,1
DA:44,3
DA:55,1
DA:56,4
DA:63,1
DA:65,3
DA:66,3
LF:25
LH:25
BRDA:19,0,0,1
BRDA:19,0,1,2
BRDA:19,1,0,3
BRDA:19,1,1,2
BRDA:27,2,0,0
BRDA:27,2,1,3
BRDA:27,3,0,3
BRDA:27,3,1,3
BRDA:28,4,0,1
BRDA:28,4,1,2
BRDA:28,5,0,3
BRDA:28,5,1,2
BRDA:29,6,0,1
BRDA:29,6,1,2
BRDA:29,7,0,3
BRDA:29,7,1,3
BRDA:33,8,0,1
BRDA:33,8,1,2
BRDA:38,9,0,1
BRDA:38,9,1,1
BRDA:56,10,0,1
BRDA:56,10,1,3
BRDA:57,11,0,4
BRDA:57,11,1,4
BRDA:57,11,2,3
BRDA:57,11,3,3
BRDA:57,11,4,3
BRF:27
BRH:26
end_of_record
TN:
SF:frontend\src\utils\allocationParser.ts
FN:20,parseAllocationsFromMessage
FN:58,(anonymous_1)
FN:70,getColorForAsset
FN:87,getDefaultAllocations
FNF:4
FNH:4
FNDA:6,parseAllocationsFromMessage
FNDA:7,(anonymous_1)
FNDA:9,getColorForAsset
FNDA:1,getDefaultAllocations
DA:9,1
DA:20,1
DA:23,6
DA:26,6
DA:29,6
DA:31,6
DA:32,11
DA:33,11
DA:40,11
DA:43,9
DA:45,9
DA:51,9
DA:55,6
DA:57,3
DA:58,7
DA:64,3
DA:71,9
DA:73,9
DA:74,5
DA:75,1
DA:76,0
DA:77,0
DA:80,0
DA:81,0
DA:87,1
DA:88,1
LF:26
LH:22
BRDA:40,0,0,2
BRDA:40,0,1,9
BRDA:55,1,0,3
BRDA:55,1,1,3
BRDA:55,2,0,6
BRDA:55,2,1,4
BRDA:55,2,2,3
BRDA:73,3,0,4
BRDA:73,3,1,5
BRDA:74,4,0,4
BRDA:74,4,1,1
BRDA:74,5,0,5
BRDA:74,5,1,1
BRDA:75,6,0,1
BRDA:75,6,1,0
BRDA:75,7,0,1
BRDA:75,7,1,0
BRDA:76,8,0,0
BRDA:76,8,1,0
BRDA:77,9,0,0
BRDA:77,9,1,0
BRF:21
BRH:15
end_of_record
TN:
SF:frontend\src\utils\chartUtils.ts
FN:31,percentToRadians
FN:38,getPointOnCircle
FN:53,generatePiePath
FN:76,calculatePieSlices
FN:118,calculateLabelPosition
FN:139,parseAllocations
FN:157,validateAllocations
FN:158,(anonymous_7)
FN:165,normalizeAllocations
FN:168,(anonymous_9)
FN:172,(anonymous_10)
FNF:11
FNH:8
FNDA:3,percentToRadians
FNDA:8,getPointOnCircle
FNDA:3,generatePiePath
FNDA:0,calculatePieSlices
FNDA:0,calculateLabelPosition
FNDA:0,parseAllocations
FNDA:3,validateAllocations
FNDA:6,(anonymous_7)
FNDA:2,normalizeAllocations
FNDA:4,(anonymous_9)
FNDA:3,(anonymous_10)
DA:31,1
DA:32,3
DA:38,1
DA:44,8
DA:53,1
DA:60,3
DA:61,3
DA:63,3
DA:65,3
DA:76,1
DA:82,0
DA:83,0
DA:85,0
DA:86,0
DA:87,0
DA:89,0
DA:90,0
DA:91,0
DA:93,0
DA:109,0
DA:112,0
DA:118,1
DA:126,0
DA:127,0
DA:129,0
DA:139,1
DA:141,0
DA:142,0
DA:146,0
DA:147,0
DA:151,0
DA:157,1
DA:158,6
DA:159,3
DA:165,1
DA:168,4
DA:169,2
DA:171,1
DA:172,3
LF:39
LH:20
BRDA:63,0,0,1
BRDA:63,0,1,2
BRDA:141,1,0,0
BRDA:141,1,1,0
BRDA:146,2,0,0
BRDA:146,2,1,0
BRDA:146,3,0,0
BRDA:146,3,1,0
BRDA:146,3,2,0
BRDA:169,4,0,1
BRDA:169,4,1,1
BRF:11
BRH:4
end_of_record
TN:
SF:frontend\src\utils\goalProjection.ts
FN:26,calculateProjection
FN:49,getMonthsUntil
FN:65,evaluateGoalStatus
FN:106,formatCurrency
FN:116,getStatusColor
FNF:5
FNH:5
FNDA:5,calculateProjection
FNDA:5,getMonthsUntil
FNDA:3,evaluateGoalStatus
FNDA:1,formatCurrency
FNDA:4,getStatusColor
DA:26,1
DA:32,5
DA:33,5
DA:35,5
DA:37,5
DA:38,5
DA:39,4
DA:43,5
DA:49,1
DA:50,5
DA:51,5
DA:53,5
DA:55,5
DA:59,5
DA:65,1
DA:66,3
DA:67,3
DA:69,3
DA:76,3
DA:79,3
DA:80,1
DA:81,2
DA:82,0
DA:84,2
DA:87,3
DA:88,3
DA:89,3
DA:91,3
DA:93,3
DA:106,1
DA:107,1
DA:116,1
DA:117,4
DA:119,1
DA:121,1
DA:123,1
DA:125,1
LF:37
LH:36
BRDA:30,0,0,0
BRDA:38,1,0,4
BRDA:38,1,1,1
BRDA:53,2,0,0
BRDA:53,2,1,5
BRDA:79,3,0,1
BRDA:79,3,1,2
BRDA:81,4,0,0
BRDA:81,4,1,2
BRDA:88,5,0,2
BRDA:88,5,1,1
BRDA:89,6,0,1
BRDA:89,6,1,2
BRDA:117,7,0,1
BRDA:117,7,1,1
BRDA:117,7,2,1
BRDA:117,7,3,1
BRF:17
BRH:14
end_of_record
